<?xml version="1.0" encoding="UTF-8"?>
<testng-results skipped="0" failed="0" ignored="0" total="4" passed="4">
  <reporter-output>
  </reporter-output>
  <suite name="Default suite" duration-ms="91" started-at="2021-11-02T12:15:56 IST" finished-at="2021-11-02T12:15:56 IST">
    <groups>
    </groups>
    <test name="Default test" duration-ms="91" started-at="2021-11-02T12:15:56 IST" finished-at="2021-11-02T12:15:56 IST">
      <class name="com.tests.MavenTestClass">
        <test-method status="PASS" signature="div()[pri:0, instance:com.tests.MavenTestClass@f41634]" name="div" duration-ms="9" started-at="2021-11-02T12:15:56 IST" finished-at="2021-11-02T12:15:56 IST">
          <reporter-output>
          </reporter-output>
        </test-method> <!-- div -->
        <test-method status="PASS" signature="mul()[pri:0, instance:com.tests.MavenTestClass@f41634]" name="mul" duration-ms="0" started-at="2021-11-02T12:15:56 IST" finished-at="2021-11-02T12:15:56 IST">
          <reporter-output>
          </reporter-output>
        </test-method> <!-- mul -->
        <test-method status="PASS" signature="sub()[pri:0, instance:com.tests.MavenTestClass@f41634]" name="sub" duration-ms="1" started-at="2021-11-02T12:15:56 IST" finished-at="2021-11-02T12:15:56 IST">
          <reporter-output>
          </reporter-output>
        </test-method> <!-- sub -->
        <test-method status="PASS" signature="sum()[pri:0, instance:com.tests.MavenTestClass@f41634]" name="sum" duration-ms="1" started-at="2021-11-02T12:15:56 IST" finished-at="2021-11-02T12:15:56 IST">
          <reporter-output>
          </reporter-output>
        </test-method> <!-- sum -->
      </class> <!-- com.tests.MavenTestClass -->
    </test> <!-- Default test -->
  </suite> <!-- Default suite -->
</testng-results>
