<?xml version="1.0" encoding="UTF-8"?>
<testng-results skipped="0" failed="0" ignored="0" total="1" passed="1">
  <reporter-output>
  </reporter-output>
  <suite name="Default suite" duration-ms="8202" started-at="2021-07-08T15:41:28 IST" finished-at="2021-07-08T15:41:36 IST">
    <groups>
    </groups>
    <test name="Default test" duration-ms="8202" started-at="2021-07-08T15:41:28 IST" finished-at="2021-07-08T15:41:36 IST">
      <class name="com.test.PageTest">
        <test-method status="PASS" signature="setup()[pri:0, instance:com.test.PageTest@3d45bd]" name="setup" is-config="true" duration-ms="6578" started-at="2021-07-08T15:41:28 IST" finished-at="2021-07-08T15:41:34 IST">
          <reporter-output>
          </reporter-output>
        </test-method> <!-- setup -->
        <test-method status="PASS" signature="test1()[pri:0, instance:com.test.PageTest@3d45bd]" name="test1" duration-ms="846" started-at="2021-07-08T15:41:34 IST" finished-at="2021-07-08T15:41:35 IST">
          <reporter-output>
          </reporter-output>
        </test-method> <!-- test1 -->
        <test-method status="PASS" signature="teardown()[pri:0, instance:com.test.PageTest@3d45bd]" name="teardown" is-config="true" duration-ms="738" started-at="2021-07-08T15:41:35 IST" finished-at="2021-07-08T15:41:36 IST">
          <reporter-output>
          </reporter-output>
        </test-method> <!-- teardown -->
      </class> <!-- com.test.PageTest -->
    </test> <!-- Default test -->
  </suite> <!-- Default suite -->
</testng-results>
