<?xml version="1.0" encoding="UTF-8"?>
<!-- Generated by org.testng.reporters.JUnitXMLReporter -->
<testsuite hostname="Mithun-HomePC" ignored="0" name="Nopackage" tests="4" failures="0" timestamp="23 Jun 2021 11:11:16 GMT" time="0.042" errors="0">
  <testcase name="div" time="0.011" classname="com.tests.MavenTestClass"/>
  <testcase name="mul" time="0.001" classname="com.tests.MavenTestClass"/>
  <testcase name="sub" time="0.001" classname="com.tests.MavenTestClass"/>
  <testcase name="sum" time="0.001" classname="com.tests.MavenTestClass"/>
</testsuite> <!-- Nopackage -->
