<?xml version="1.0" encoding="UTF-8"?>
<!-- Generated by org.testng.reporters.JUnitXMLReporter -->
<testsuite hostname="Mithun-HomePC" ignored="0" name="Default test" tests="4" failures="0" timestamp="2021-11-02T12:15:56 IST" time="0.091" errors="0">
  <testcase name="div" time="0.009" classname="com.tests.MavenTestClass"/>
  <testcase name="mul" time="0.0" classname="com.tests.MavenTestClass"/>
  <testcase name="sub" time="0.001" classname="com.tests.MavenTestClass"/>
  <testcase name="sum" time="0.001" classname="com.tests.MavenTestClass"/>
</testsuite> <!-- Default test -->
