<?xml version="1.0" encoding="UTF-8"?>
<!-- Generated by org.testng.reporters.JUnitXMLReporter -->
<testsuite hostname="Mithun-HomePC" ignored="0" name="Default test" tests="3" failures="0" timestamp="2021-07-27T14:09:07 IST" time="64.433" errors="0">
  <testcase name="RegPage" time="5.652" classname="com.test.AirIndia"/>
  <testcase name="RegPage" time="5.717" classname="com.test.AirIndia"/>
  <testcase name="RegPage" time="5.665" classname="com.test.AirIndia"/>
</testsuite> <!-- Default test -->
