<?xml version="1.0" encoding="UTF-8"?>
<testng-results skipped="0" failed="0" ignored="0" total="3" passed="3">
  <reporter-output>
  </reporter-output>
  <suite name="Default suite" duration-ms="64433" started-at="2021-07-27T14:08:03 IST" finished-at="2021-07-27T14:09:07 IST">
    <groups>
    </groups>
    <test name="Default test" duration-ms="64433" started-at="2021-07-27T14:08:03 IST" finished-at="2021-07-27T14:09:07 IST">
      <class name="com.test.AirIndia">
        <test-method status="PASS" signature="launchBrowser()[pri:0, instance:com.test.AirIndia@1b7a79b]" name="launchBrowser" is-config="true" duration-ms="16437" started-at="2021-07-27T14:08:03 IST" finished-at="2021-07-27T14:08:20 IST">
          <reporter-output>
          </reporter-output>
        </test-method> <!-- launchBrowser -->
        <test-method status="PASS" signature="RegPage(java.lang.String,java.lang.String,java.lang.String,java.lang.String,java.lang.String)[pri:0, instance:com.test.AirIndia@1b7a79b]" name="RegPage" duration-ms="5652" started-at="2021-07-27T14:08:20 IST" data-provider="getData" finished-at="2021-07-27T14:08:26 IST">
          <params>
            <param index="0">
              <value>
                <![CDATA[Mithun]]>
              </value>
            </param>
            <param index="1">
              <value>
                <![CDATA[]]>
              </value>
            </param>
            <param index="2">
              <value>
                <![CDATA[]]>
              </value>
            </param>
            <param index="3">
              <value>
                <![CDATA[]]>
              </value>
            </param>
            <param index="4">
              <value>
                <![CDATA[]]>
              </value>
            </param>
          </params>
          <reporter-output>
          </reporter-output>
        </test-method> <!-- RegPage -->
        <test-method status="PASS" signature="tearDown()[pri:0, instance:com.test.AirIndia@1b7a79b]" name="tearDown" is-config="true" duration-ms="696" started-at="2021-07-27T14:08:26 IST" finished-at="2021-07-27T14:08:26 IST">
          <reporter-output>
          </reporter-output>
        </test-method> <!-- tearDown -->
        <test-method status="PASS" signature="launchBrowser()[pri:0, instance:com.test.AirIndia@1b7a79b]" name="launchBrowser" is-config="true" duration-ms="15019" started-at="2021-07-27T14:08:26 IST" finished-at="2021-07-27T14:08:41 IST">
          <reporter-output>
          </reporter-output>
        </test-method> <!-- launchBrowser -->
        <test-method status="PASS" signature="RegPage(java.lang.String,java.lang.String,java.lang.String,java.lang.String,java.lang.String)[pri:0, instance:com.test.AirIndia@1b7a79b]" name="RegPage" duration-ms="5717" started-at="2021-07-27T14:08:41 IST" data-provider="getData" finished-at="2021-07-27T14:08:47 IST">
          <params>
            <param index="0">
              <value>
                <![CDATA[Keerthana]]>
              </value>
            </param>
            <param index="1">
              <value>
                <![CDATA[]]>
              </value>
            </param>
            <param index="2">
              <value>
                <![CDATA[]]>
              </value>
            </param>
            <param index="3">
              <value>
                <![CDATA[]]>
              </value>
            </param>
            <param index="4">
              <value>
                <![CDATA[]]>
              </value>
            </param>
          </params>
          <reporter-output>
          </reporter-output>
        </test-method> <!-- RegPage -->
        <test-method status="PASS" signature="tearDown()[pri:0, instance:com.test.AirIndia@1b7a79b]" name="tearDown" is-config="true" duration-ms="697" started-at="2021-07-27T14:08:47 IST" finished-at="2021-07-27T14:08:48 IST">
          <reporter-output>
          </reporter-output>
        </test-method> <!-- tearDown -->
        <test-method status="PASS" signature="launchBrowser()[pri:0, instance:com.test.AirIndia@1b7a79b]" name="launchBrowser" is-config="true" duration-ms="13295" started-at="2021-07-27T14:08:48 IST" finished-at="2021-07-27T14:09:01 IST">
          <reporter-output>
          </reporter-output>
        </test-method> <!-- launchBrowser -->
        <test-method status="PASS" signature="RegPage(java.lang.String,java.lang.String,java.lang.String,java.lang.String,java.lang.String)[pri:0, instance:com.test.AirIndia@1b7a79b]" name="RegPage" duration-ms="5665" started-at="2021-07-27T14:09:01 IST" data-provider="getData" finished-at="2021-07-27T14:09:07 IST">
          <params>
            <param index="0">
              <value>
                <![CDATA[abc]]>
              </value>
            </param>
            <param index="1">
              <value>
                <![CDATA[]]>
              </value>
            </param>
            <param index="2">
              <value>
                <![CDATA[]]>
              </value>
            </param>
            <param index="3">
              <value>
                <![CDATA[]]>
              </value>
            </param>
            <param index="4">
              <value>
                <![CDATA[]]>
              </value>
            </param>
          </params>
          <reporter-output>
          </reporter-output>
        </test-method> <!-- RegPage -->
        <test-method status="PASS" signature="tearDown()[pri:0, instance:com.test.AirIndia@1b7a79b]" name="tearDown" is-config="true" duration-ms="711" started-at="2021-07-27T14:09:07 IST" finished-at="2021-07-27T14:09:07 IST">
          <reporter-output>
          </reporter-output>
        </test-method> <!-- tearDown -->
      </class> <!-- com.test.AirIndia -->
    </test> <!-- Default test -->
  </suite> <!-- Default suite -->
</testng-results>
